C:\Dev\svn\korben-dev\Orkid\OrkidEditor\Debug\cl.command.1.tlog
C:\Dev\svn\korben-dev\Orkid\OrkidEditor\Debug\CL.read.1.tlog
C:\Dev\svn\korben-dev\Orkid\OrkidEditor\Debug\CL.write.1.tlog
C:\Dev\svn\korben-dev\Orkid\OrkidEditor\Debug\custombuild.command.1.tlog
C:\Dev\svn\korben-dev\Orkid\OrkidEditor\Debug\custombuild.read.1.tlog
C:\Dev\svn\korben-dev\Orkid\OrkidEditor\Debug\custombuild.write.1.tlog
C:\Dev\svn\korben-dev\Orkid\OrkidEditor\Debug\link.command.1.tlog
C:\Dev\svn\korben-dev\Orkid\OrkidEditor\Debug\link.read.1.tlog
C:\Dev\svn\korben-dev\Orkid\OrkidEditor\Debug\link.write.1.tlog
C:\DEV\SVN\KORBEN-DEV\ORKID\ORKIDEDITOR\DEBUG\MOC_OKDEDITORMAINWND.OBJ
C:\Dev\svn\korben-dev\Orkid\OrkidEditor\Debug\mt.command.1.tlog
C:\Dev\svn\korben-dev\Orkid\OrkidEditor\Debug\mt.read.1.tlog
C:\Dev\svn\korben-dev\Orkid\OrkidEditor\Debug\mt.write.1.tlog
C:\DEV\SVN\KORBEN-DEV\ORKID\ORKIDEDITOR\DEBUG\OKDEDITORMAINWND.OBJ
C:\DEV\SVN\KORBEN-DEV\ORKID\ORKIDEDITOR\DEBUG\ORKIDEDITOR.EXE.INTERMEDIATE.MANIFEST
C:\Dev\svn\korben-dev\Orkid\OrkidEditor\Debug\OrkidEditor.write.1.tlog
C:\DEV\SVN\KORBEN-DEV\ORKID\ORKIDEDITOR\DEBUG\ORKIDEDITORMAIN.OBJ
C:\DEV\SVN\KORBEN-DEV\ORKID\ORKIDEDITOR\DEBUG\QRC_OKDEDITORMAINWND.OBJ
C:\DEV\SVN\KORBEN-DEV\ORKID\ORKIDEDITOR\DEBUG\VC100.PDB
C:\DEV\SVN\KORBEN-DEV\ORKID\ORKIDEDITOR\GENERATEDFILES\DEBUG\MOC_OKDEDITORMAINWND.CPP
C:\DEV\SVN\KORBEN-DEV\ORKID\ORKIDEDITOR\GENERATEDFILES\QRC_OKDEDITORMAINWND.CPP
C:\DEV\SVN\KORBEN-DEV\ORKID\ORKIDEDITOR\GENERATEDFILES\UI_OKDEDITORMAINWND.H
C:\DEV\SVN\KORBEN-DEV\ORKID\WIN32\DEBUG\ORKIDEDITOR.EXE
C:\DEV\SVN\KORBEN-DEV\ORKID\WIN32\DEBUG\ORKIDEDITOR.ILK
C:\DEV\SVN\KORBEN-DEV\ORKID\WIN32\DEBUG\ORKIDEDITOR.PDB
