c:\dev\svn\korben-dev\orkid_vs2013\orkidengine\debug\vc120.pdb
c:\dev\svn\korben-dev\orkid_vs2013\orkidengine\debug\vc120.idb
c:\dev\svn\korben-dev\orkid_vs2013\orkidengine\debug\okdabstractgameplay.obj
c:\dev\svn\korben-dev\orkid_vs2013\orkidengine\debug\okdfreecameragameplay.obj
c:\dev\svn\korben-dev\orkid_vs2013\orkidengine\debug\okdgameplaymanager.obj
c:\dev\svn\korben-dev\orkid_vs2013\orkidengine\debug\okdopengl_api.obj
c:\dev\svn\korben-dev\orkid_vs2013\orkidengine\debug\orkidengine.obj
c:\dev\svn\korben-dev\orkid_vs2013\orkidengine\debug\okdopenglcontext.obj
c:\dev\svn\korben-dev\orkid_vs2013\orkidengine\debug\okddefaultresourceallocator.obj
c:\dev\svn\korben-dev\orkid_vs2013\orkidengine\debug\okdresourceallocator.obj
c:\dev\svn\korben-dev\orkid_vs2013\orkidengine\debug\okdshaderresourceallocator.obj
c:\dev\svn\korben-dev\orkid_vs2013\orkidengine\debug\okdabstractresource.obj
c:\dev\svn\korben-dev\orkid_vs2013\orkidengine\debug\okdresourcedatabase.obj
c:\dev\svn\korben-dev\orkid_vs2013\orkidengine\debug\okdresourcemanager.obj
c:\dev\svn\korben-dev\orkid_vs2013\orkidengine\debug\okdresourcemap.obj
c:\dev\svn\korben-dev\orkid_vs2013\orkidengine\debug\okdresourceptr.obj
c:\dev\svn\korben-dev\orkid_vs2013\orkidengine\debug\okdnode.obj
c:\dev\svn\korben-dev\orkid_vs2013\orkidengine\debug\okdscene.obj
c:\dev\svn\korben-dev\orkid_vs2013\orkidengine\debug\okdabstractshader.obj
c:\dev\svn\korben-dev\orkid_vs2013\orkidengine\debug\okdabstractshaderprogram.obj
c:\dev\svn\korben-dev\orkid_vs2013\orkidengine\debug\okdopenglshader.obj
c:\dev\svn\korben-dev\orkid_vs2013\orkidengine\debug\okdrendersystem.obj
c:\dev\svn\korben-dev\orkid_vs2013\orkidengine\debug\okdcameracomponent.obj
c:\dev\svn\korben-dev\orkid_vs2013\orkidengine\debug\okdlightcomponent.obj
c:\dev\svn\korben-dev\orkid_vs2013\orkidengine\debug\okdmeshcomponent.obj
c:\dev\svn\korben-dev\orkid_vs2013\orkidengine\debug\okdtransformcomponent.obj
c:\dev\svn\korben-dev\orkid_vs2013\orkidengine\debug\okdcamera.obj
c:\dev\svn\korben-dev\orkid_vs2013\orkidengine\debug\okdcreature.obj
c:\dev\svn\korben-dev\orkid_vs2013\orkidengine\debug\okdentity.obj
c:\dev\svn\korben-dev\orkid_vs2013\orkidengine\debug\okdentityfactory.obj
c:\dev\svn\korben-dev\orkid_vs2013\orkidengine\debug\okdlight.obj
c:\dev\svn\korben-dev\orkid_vs2013\orkidengine\debug\okdmesh.obj
c:\dev\svn\korben-dev\orkid_vs2013\orkidengine\debug\okdmeshinfo.obj
c:\dev\svn\korben-dev\orkid_vs2013\orkidengine\debug\okdshape.obj
c:\dev\svn\korben-dev\orkid_vs2013\debug\orkidengine.lib
c:\dev\svn\korben-dev\orkid_vs2013\orkidengine\debug\orkidengine.tlog\cl.command.1.tlog
c:\dev\svn\korben-dev\orkid_vs2013\orkidengine\debug\orkidengine.tlog\cl.read.1.tlog
c:\dev\svn\korben-dev\orkid_vs2013\orkidengine\debug\orkidengine.tlog\cl.write.1.tlog
c:\dev\svn\korben-dev\orkid_vs2013\orkidengine\debug\orkidengine.tlog\lib-link.read.1.tlog
c:\dev\svn\korben-dev\orkid_vs2013\orkidengine\debug\orkidengine.tlog\lib-link.write.1.tlog
c:\dev\svn\korben-dev\orkid_vs2013\orkidengine\debug\orkidengine.tlog\lib.command.1.tlog
