c:\dev\svn\korben-dev\orkid_vs2013\orkidcore\debug\vc120.pdb
c:\dev\svn\korben-dev\orkid_vs2013\orkidcore\debug\vc120.idb
c:\dev\svn\korben-dev\orkid_vs2013\orkidcore\debug\okdinputdevice.obj
c:\dev\svn\korben-dev\orkid_vs2013\orkidcore\debug\okdinputevent.obj
c:\dev\svn\korben-dev\orkid_vs2013\orkidcore\debug\okdinputmanager.obj
c:\dev\svn\korben-dev\orkid_vs2013\orkidcore\debug\okdwindowsrawinputhandler.obj
c:\dev\svn\korben-dev\orkid_vs2013\orkidcore\debug\okdmatrix4f.obj
c:\dev\svn\korben-dev\orkid_vs2013\orkidcore\debug\okdquaternionf.obj
c:\dev\svn\korben-dev\orkid_vs2013\orkidcore\debug\okdvector3f.obj
c:\dev\svn\korben-dev\orkid_vs2013\orkidcore\debug\okdvector4f.obj
c:\dev\svn\korben-dev\orkid_vs2013\orkidcore\debug\okdmemmanager.obj
c:\dev\svn\korben-dev\orkid_vs2013\orkidcore\debug\okdsharedptr.obj
c:\dev\svn\korben-dev\orkid_vs2013\orkidcore\debug\orkidcore.obj
c:\dev\svn\korben-dev\orkid_vs2013\orkidcore\debug\okdsignal.obj
c:\dev\svn\korben-dev\orkid_vs2013\orkidcore\debug\okdslot.obj
c:\dev\svn\korben-dev\orkid_vs2013\orkidcore\debug\okdsingleton.obj
c:\dev\svn\korben-dev\orkid_vs2013\orkidcore\debug\okdfile.obj
c:\dev\svn\korben-dev\orkid_vs2013\orkidcore\debug\okdfilestream.obj
c:\dev\svn\korben-dev\orkid_vs2013\orkidcore\debug\okdcrc32.obj
c:\dev\svn\korben-dev\orkid_vs2013\orkidcore\debug\okdstring.obj
c:\dev\svn\korben-dev\orkid_vs2013\orkidcore\debug\okdxmldocument.obj
c:\dev\svn\korben-dev\orkid_vs2013\orkidcore\debug\okdxmlfile.obj
c:\dev\svn\korben-dev\orkid_vs2013\orkidcore\debug\okdlist.obj
c:\dev\svn\korben-dev\orkid_vs2013\orkidcore\debug\okdmap.obj
c:\dev\svn\korben-dev\orkid_vs2013\orkidcore\debug\okdvector.obj
c:\dev\svn\korben-dev\orkid_vs2013\orkidcore\debug\okdabstractcomponent.obj
c:\dev\svn\korben-dev\orkid_vs2013\orkidcore\debug\okdabstractsystem.obj
c:\dev\svn\korben-dev\orkid_vs2013\orkidcore\debug\okdcomponentfactory.obj
c:\dev\svn\korben-dev\orkid_vs2013\orkidcore\debug\okdentity.obj
c:\dev\svn\korben-dev\orkid_vs2013\orkidcore\debug\okdhandletemplate.obj
c:\dev\svn\korben-dev\orkid_vs2013\orkidcore\debug\orkidcore.tlog\cl.command.1.tlog
c:\dev\svn\korben-dev\orkid_vs2013\orkidcore\debug\orkidcore.tlog\cl.read.1.tlog
c:\dev\svn\korben-dev\orkid_vs2013\orkidcore\debug\orkidcore.tlog\cl.write.1.tlog
